<?xml version="1.0" encoding="UTF-8"?>
<testng-results ignored="0" total="1" passed="1" failed="0" skipped="0">
  <reporter-output>
  </reporter-output>
  <suite started-at="2023-06-06T05:00:30 IST" name="Default suite" finished-at="2023-06-06T05:00:38 IST" duration-ms="8076">
    <groups>
    </groups>
    <test started-at="2023-06-06T05:00:30 IST" name="Default test" finished-at="2023-06-06T05:00:38 IST" duration-ms="8076">
      <class name="com.fiseve.qa.testScripts.GoogleSearchTest">
        <test-method is-config="true" signature="driverSetUp()[pri:0, instance:com.fiseve.qa.testScripts.GoogleSearchTest@1de5f259]" started-at="2023-06-06T05:00:30 IST" name="driverSetUp" finished-at="2023-06-06T05:00:34 IST" duration-ms="4530" status="PASS">
          <reporter-output>
          </reporter-output>
        </test-method> <!-- driverSetUp -->
        <test-method signature="googleSearchresultTest()[pri:0, instance:com.fiseve.qa.testScripts.GoogleSearchTest@1de5f259]" started-at="2023-06-06T05:00:34 IST" name="googleSearchresultTest" finished-at="2023-06-06T05:00:38 IST" duration-ms="3225" status="PASS">
          <reporter-output>
          </reporter-output>
        </test-method> <!-- googleSearchresultTest -->
        <test-method is-config="true" signature="tearDown()[pri:0, instance:com.fiseve.qa.testScripts.GoogleSearchTest@1de5f259]" started-at="2023-06-06T05:00:38 IST" name="tearDown" finished-at="2023-06-06T05:00:38 IST" duration-ms="282" status="PASS">
          <reporter-output>
          </reporter-output>
        </test-method> <!-- tearDown -->
      </class> <!-- com.fiseve.qa.testScripts.GoogleSearchTest -->
    </test> <!-- Default test -->
  </suite> <!-- Default suite -->
</testng-results>
